<?xml version="1.0" encoding="UTF-8"?>
<!-- Generated by org.testng.reporters.JUnitReportReporter -->
<testsuite skipped="44" hostname="DESKTOP-CBUUJ82" name="com.knovva.TestCases.Events" tests="45" failures="0" timestamp="22 Apr 2019 06:06:40 GMT" time="0.008" errors="1">
  <testcase name="TC_EAF001" time="0.000" classname="com.knovva.TestCases.Events">
    <skipped/>
  </testcase> <!-- TC_EAF001 -->
  <testcase name="TC_EAF054" time="0.000" classname="com.knovva.TestCases.Events">
    <skipped/>
  </testcase> <!-- TC_EAF054 -->
  <testcase name="login" time="0.008" classname="com.knovva.TestCases.Events">
    <error type="org.openqa.selenium.WebDriverException" message="unknown error: unhandled inspector error: {&quot;code&quot;:-32000,&quot;message&quot;:&quot;No target with given id&quot;}
  (Session info: chrome=73.0.3683.103)
  (Driver info: chromedriver=2.43.600210 (68dcf5eebde37173d4027fa8635e332711d2874a),platform=Windows NT 10.0.15063 x86_64) (WARNING: The server did not provide any stacktrace information)
Command duration or timeout: 0 milliseconds
Build info: version: &#039;3.141.59&#039;, revision: &#039;e82be7d358&#039;, time: &#039;2018-11-14T08:17:03&#039;
System info: host: &#039;DESKTOP-CBUUJ82&#039;, ip: &#039;192.168.1.47&#039;, os.name: &#039;Windows 10&#039;, os.arch: &#039;amd64&#039;, os.version: &#039;10.0&#039;, java.version: &#039;1.8.0_121&#039;
Driver info: org.openqa.selenium.chrome.ChromeDriver
Capabilities {acceptInsecureCerts: false, acceptSslCerts: false, applicationCacheEnabled: false, browserConnectionEnabled: false, browserName: chrome, chrome: {chromedriverVersion: 2.43.600210 (68dcf5eebde371..., userDataDir: C:\Users\user\AppData\Local...}, cssSelectorsEnabled: true, databaseEnabled: false, goog:chromeOptions: {debuggerAddress: localhost:51116}, handlesAlerts: true, hasTouchScreen: false, javascriptEnabled: true, locationContextEnabled: true, mobileEmulationEnabled: false, nativeEvents: true, networkConnectionEnabled: false, pageLoadStrategy: normal, platform: XP, platformName: XP, rotatable: false, setWindowRect: true, takesHeapSnapshot: true, takesScreenshot: true, unexpectedAlertBehaviour: , unhandledPromptBehavior: , version: 73.0.3683.103, webStorageEnabled: true}
Session ID: 58cce66096dea344daa3594b653aeacf">
      <![CDATA[org.openqa.selenium.WebDriverException: unknown error: unhandled inspector error: {"code":-32000,"message":"No target with given id"}
  (Session info: chrome=73.0.3683.103)
  (Driver info: chromedriver=2.43.600210 (68dcf5eebde37173d4027fa8635e332711d2874a),platform=Windows NT 10.0.15063 x86_64) (WARNING: The server did not provide any stacktrace information)
Command duration or timeout: 0 milliseconds
Build info: version: '3.141.59', revision: 'e82be7d358', time: '2018-11-14T08:17:03'
System info: host: 'DESKTOP-CBUUJ82', ip: '192.168.1.47', os.name: 'Windows 10', os.arch: 'amd64', os.version: '10.0', java.version: '1.8.0_121'
Driver info: org.openqa.selenium.chrome.ChromeDriver
Capabilities {acceptInsecureCerts: false, acceptSslCerts: false, applicationCacheEnabled: false, browserConnectionEnabled: false, browserName: chrome, chrome: {chromedriverVersion: 2.43.600210 (68dcf5eebde371..., userDataDir: C:\Users\user\AppData\Local...}, cssSelectorsEnabled: true, databaseEnabled: false, goog:chromeOptions: {debuggerAddress: localhost:51116}, handlesAlerts: true, hasTouchScreen: false, javascriptEnabled: true, locationContextEnabled: true, mobileEmulationEnabled: false, nativeEvents: true, networkConnectionEnabled: false, pageLoadStrategy: normal, platform: XP, platformName: XP, rotatable: false, setWindowRect: true, takesHeapSnapshot: true, takesScreenshot: true, unexpectedAlertBehaviour: , unhandledPromptBehavior: , version: 73.0.3683.103, webStorageEnabled: true}
Session ID: 58cce66096dea344daa3594b653aeacf
at sun.reflect.NativeConstructorAccessorImpl.newInstance0(Native Method)
at sun.reflect.NativeConstructorAccessorImpl.newInstance(Unknown Source)
at sun.reflect.DelegatingConstructorAccessorImpl.newInstance(Unknown Source)
at java.lang.reflect.Constructor.newInstance(Unknown Source)
at org.openqa.selenium.remote.ErrorHandler.createThrowable(ErrorHandler.java:214)
at org.openqa.selenium.remote.ErrorHandler.throwIfResponseFailed(ErrorHandler.java:166)
at org.openqa.selenium.remote.http.JsonHttpResponseCodec.reconstructValue(JsonHttpResponseCodec.java:40)
at org.openqa.selenium.remote.http.AbstractHttpResponseCodec.decode(AbstractHttpResponseCodec.java:80)
at org.openqa.selenium.remote.http.AbstractHttpResponseCodec.decode(AbstractHttpResponseCodec.java:44)
at org.openqa.selenium.remote.HttpCommandExecutor.execute(HttpCommandExecutor.java:158)
at org.openqa.selenium.remote.service.DriverCommandExecutor.execute(DriverCommandExecutor.java:83)
at org.openqa.selenium.remote.RemoteWebDriver.execute(RemoteWebDriver.java:552)
at org.openqa.selenium.remote.RemoteWebDriver.execute(RemoteWebDriver.java:609)
at org.openqa.selenium.remote.RemoteWebDriver$RemoteWebDriverOptions$RemoteWindow.maximize(RemoteWebDriver.java:837)
at com.knovva.Testbase.TestBase_Knovva.initialization(TestBase_Knovva.java:136)
at com.knovva.Testbase.TestBase_Knovva.validLogin(TestBase_Knovva.java:147)
at com.knovva.TestCases.Events.login(Events.java:28)
at sun.reflect.NativeMethodAccessorImpl.invoke0(Native Method)
at sun.reflect.NativeMethodAccessorImpl.invoke(Unknown Source)
at sun.reflect.DelegatingMethodAccessorImpl.invoke(Unknown Source)
at java.lang.reflect.Method.invoke(Unknown Source)
at org.testng.internal.MethodInvocationHelper.invokeMethod(MethodInvocationHelper.java:124)
at org.testng.internal.MethodInvocationHelper.invokeMethodConsideringTimeout(MethodInvocationHelper.java:59)
at org.testng.internal.Invoker.invokeConfigurationMethod(Invoker.java:458)
at org.testng.internal.Invoker.invokeConfigurations(Invoker.java:222)
at org.testng.internal.Invoker.invokeConfigurations(Invoker.java:142)
at org.testng.internal.TestMethodWorker.invokeBeforeClassMethods(TestMethodWorker.java:168)
at org.testng.internal.TestMethodWorker.run(TestMethodWorker.java:105)
at org.testng.TestRunner.privateRun(TestRunner.java:648)
at org.testng.TestRunner.run(TestRunner.java:505)
at org.testng.SuiteRunner.runTest(SuiteRunner.java:455)
at org.testng.SuiteRunner.access$000(SuiteRunner.java:40)
at org.testng.SuiteRunner$SuiteWorker.run(SuiteRunner.java:489)
at org.testng.internal.thread.ThreadUtil$1.call(ThreadUtil.java:52)
at java.util.concurrent.FutureTask.run(Unknown Source)
at java.util.concurrent.ThreadPoolExecutor.runWorker(Unknown Source)
at java.util.concurrent.ThreadPoolExecutor$Worker.run(Unknown Source)
at java.lang.Thread.run(Unknown Source)
]]>
    </error>
  </testcase> <!-- login -->
  <testcase name="TC_EAF007" classname="com.knovva.TestCases.Events">
    <skipped/>
  </testcase> <!-- TC_EAF007 -->
  <testcase name="TC_EAF029" classname="com.knovva.TestCases.Events">
    <skipped/>
  </testcase> <!-- TC_EAF029 -->
  <testcase name="TC_EAF011" classname="com.knovva.TestCases.Events">
    <skipped/>
  </testcase> <!-- TC_EAF011 -->
  <testcase name="TC_EAF033" classname="com.knovva.TestCases.Events">
    <skipped/>
  </testcase> <!-- TC_EAF033 -->
  <testcase name="TC_EAF055" classname="com.knovva.TestCases.Events">
    <skipped/>
  </testcase> <!-- TC_EAF055 -->
  <testcase name="TC_EAF050" classname="com.knovva.TestCases.Events">
    <skipped/>
  </testcase> <!-- TC_EAF050 -->
  <testcase name="TC_EAF031" classname="com.knovva.TestCases.Events">
    <skipped/>
  </testcase> <!-- TC_EAF031 -->
  <testcase name="TC_EAF012" classname="com.knovva.TestCases.Events">
    <skipped/>
  </testcase> <!-- TC_EAF012 -->
  <testcase name="TC_EAF034" classname="com.knovva.TestCases.Events">
    <skipped/>
  </testcase> <!-- TC_EAF034 -->
  <testcase name="TC_EAF056" classname="com.knovva.TestCases.Events">
    <skipped/>
  </testcase> <!-- TC_EAF056 -->
  <testcase name="TC_EAF051" classname="com.knovva.TestCases.Events">
    <skipped/>
  </testcase> <!-- TC_EAF051 -->
  <testcase name="TC_EAF030" classname="com.knovva.TestCases.Events">
    <skipped/>
  </testcase> <!-- TC_EAF030 -->
  <testcase name="TC_EAF014" classname="com.knovva.TestCases.Events">
    <skipped/>
  </testcase> <!-- TC_EAF014 -->
  <testcase name="TC_EAF036" classname="com.knovva.TestCases.Events">
    <skipped/>
  </testcase> <!-- TC_EAF036 -->
  <testcase name="TC_EAF058" classname="com.knovva.TestCases.Events">
    <skipped/>
  </testcase> <!-- TC_EAF058 -->
  <testcase name="TC_EAF017" classname="com.knovva.TestCases.Events">
    <skipped/>
  </testcase> <!-- TC_EAF017 -->
  <testcase name="TC_EAF039" classname="com.knovva.TestCases.Events">
    <skipped/>
  </testcase> <!-- TC_EAF039 -->
  <testcase name="TC_EAF037" classname="com.knovva.TestCases.Events">
    <skipped/>
  </testcase> <!-- TC_EAF037 -->
  <testcase name="TC_EAF015" classname="com.knovva.TestCases.Events">
    <skipped/>
  </testcase> <!-- TC_EAF015 -->
  <testcase name="TC_EAF010" classname="com.knovva.TestCases.Events">
    <skipped/>
  </testcase> <!-- TC_EAF010 -->
  <testcase name="TC_EAF032" classname="com.knovva.TestCases.Events">
    <skipped/>
  </testcase> <!-- TC_EAF032 -->
  <testcase name="TC_EAF035" classname="com.knovva.TestCases.Events">
    <skipped/>
  </testcase> <!-- TC_EAF035 -->
  <testcase name="TC_EAF013" classname="com.knovva.TestCases.Events">
    <skipped/>
  </testcase> <!-- TC_EAF013 -->
  <testcase name="TC_EAF057" classname="com.knovva.TestCases.Events">
    <skipped/>
  </testcase> <!-- TC_EAF057 -->
  <testcase name="TC_EAF016" classname="com.knovva.TestCases.Events">
    <skipped/>
  </testcase> <!-- TC_EAF016 -->
  <testcase name="TC_EAF038" classname="com.knovva.TestCases.Events">
    <skipped/>
  </testcase> <!-- TC_EAF038 -->
  <testcase name="TC_EAF018" classname="com.knovva.TestCases.Events">
    <skipped/>
  </testcase> <!-- TC_EAF018 -->
  <testcase name="TC_EAF022" classname="com.knovva.TestCases.Events">
    <skipped/>
  </testcase> <!-- TC_EAF022 -->
  <testcase name="TC_EAF042" classname="com.knovva.TestCases.Events">
    <skipped/>
  </testcase> <!-- TC_EAF042 -->
  <testcase name="TC_EAF040" classname="com.knovva.TestCases.Events">
    <skipped/>
  </testcase> <!-- TC_EAF040 -->
  <testcase name="TC_EAF041" classname="com.knovva.TestCases.Events">
    <skipped/>
  </testcase> <!-- TC_EAF041 -->
  <testcase name="TC_EAF008" classname="com.knovva.TestCases.Events">
    <skipped/>
  </testcase> <!-- TC_EAF008 -->
  <testcase name="TC_EAF003" classname="com.knovva.TestCases.Events">
    <skipped/>
  </testcase> <!-- TC_EAF003 -->
  <testcase name="TC_EAF006" classname="com.knovva.TestCases.Events">
    <skipped/>
  </testcase> <!-- TC_EAF006 -->
  <testcase name="TC_EAF028" classname="com.knovva.TestCases.Events">
    <skipped/>
  </testcase> <!-- TC_EAF028 -->
  <testcase name="TC_EAF009" classname="com.knovva.TestCases.Events">
    <skipped/>
  </testcase> <!-- TC_EAF009 -->
  <testcase name="TC_EAF004" classname="com.knovva.TestCases.Events">
    <skipped/>
  </testcase> <!-- TC_EAF004 -->
  <testcase name="TC_EAF026" classname="com.knovva.TestCases.Events">
    <skipped/>
  </testcase> <!-- TC_EAF026 -->
  <testcase name="TC_EAF002" classname="com.knovva.TestCases.Events">
    <skipped/>
  </testcase> <!-- TC_EAF002 -->
  <testcase name="TC_EAF046" classname="com.knovva.TestCases.Events">
    <skipped/>
  </testcase> <!-- TC_EAF046 -->
  <testcase name="TC_EAF005" classname="com.knovva.TestCases.Events">
    <skipped/>
  </testcase> <!-- TC_EAF005 -->
  <testcase name="TC_EAF027" classname="com.knovva.TestCases.Events">
    <skipped/>
  </testcase> <!-- TC_EAF027 -->
</testsuite> <!-- com.knovva.TestCases.Events -->
