<?xml version="1.0" encoding="UTF-8"?>
<!-- Generated by org.testng.reporters.JUnitReportReporter -->
<testsuite hostname="DESKTOP-6A5LQD1" failures="0" tests="11" name="com.knovva.TestCases.ForgotPassword" time="6.483" errors="0" timestamp="26 Apr 2019 06:41:47 GMT" skipped="10">
  <testcase classname="com.knovva.TestCases.ForgotPassword" name="TC_FP001" time="6.483"/>
  <testcase classname="com.knovva.TestCases.ForgotPassword" name="TC_FP011">
    <skipped/>
  </testcase> <!-- TC_FP011 -->
  <testcase classname="com.knovva.TestCases.ForgotPassword" name="TC_FP010">
    <skipped/>
  </testcase> <!-- TC_FP010 -->
  <testcase classname="com.knovva.TestCases.ForgotPassword" name="TC_FP013">
    <skipped/>
  </testcase> <!-- TC_FP013 -->
  <testcase classname="com.knovva.TestCases.ForgotPassword" name="TC_FP012">
    <skipped/>
  </testcase> <!-- TC_FP012 -->
  <testcase classname="com.knovva.TestCases.ForgotPassword" name="TC_FP008">
    <skipped/>
  </testcase> <!-- TC_FP008 -->
  <testcase classname="com.knovva.TestCases.ForgotPassword" name="TC_FP009">
    <skipped/>
  </testcase> <!-- TC_FP009 -->
  <testcase classname="com.knovva.TestCases.ForgotPassword" name="TC_FP015">
    <skipped/>
  </testcase> <!-- TC_FP015 -->
  <testcase classname="com.knovva.TestCases.ForgotPassword" name="TC_FP014">
    <skipped/>
  </testcase> <!-- TC_FP014 -->
  <testcase classname="com.knovva.TestCases.ForgotPassword" name="TC_FP003">
    <skipped/>
  </testcase> <!-- TC_FP003 -->
  <testcase classname="com.knovva.TestCases.ForgotPassword" name="TC_FP016">
    <skipped/>
  </testcase> <!-- TC_FP016 -->
</testsuite> <!-- com.knovva.TestCases.ForgotPassword -->
